2019/05/05 20:45:25 main.go:12: test
2019/05/06 06:19:30 main.go:14: test
2019/05/06 06:19:30 robot.go:126: Initializing connections...
2019/05/06 06:19:30 robot.go:132: Initializing devices...
2019/05/06 06:19:30 robot.go:135: Initializing device Tello-618ED1E81C847602 ...
2019/05/06 06:19:30 robot.go:143: Robot tello initialized.
2019/05/06 06:19:30 robot.go:153: Starting Robot tello ...
2019/05/06 06:19:30 connection.go:44: Starting connections...
2019/05/06 06:19:30 device.go:57: Starting devices...
2019/05/06 06:19:30 device.go:65: Starting device Tello-618ED1E81C847602...
2019/05/06 06:19:30 robot.go:168: Starting work...
2019/05/06 06:20:50 main.go:14: test
2019/05/06 06:20:50 robot.go:126: Initializing connections...
2019/05/06 06:20:50 robot.go:132: Initializing devices...
2019/05/06 06:20:50 robot.go:135: Initializing device Tello-DD0BEE7281D5802 ...
2019/05/06 06:20:50 robot.go:143: Robot tello initialized.
2019/05/06 06:20:50 robot.go:153: Starting Robot tello ...
2019/05/06 06:20:50 connection.go:44: Starting connections...
2019/05/06 06:20:50 device.go:57: Starting devices...
2019/05/06 06:20:50 device.go:65: Starting device Tello-DD0BEE7281D5802...
2019/05/06 06:20:50 robot.go:168: Starting work...
2019/05/06 06:21:57 main.go:14: test
2019/05/06 06:21:57 robot.go:126: Initializing connections...
2019/05/06 06:21:57 robot.go:132: Initializing devices...
2019/05/06 06:21:57 robot.go:135: Initializing device Tello-4349520F1788A82E ...
2019/05/06 06:21:57 robot.go:143: Robot tello initialized.
2019/05/06 06:21:57 robot.go:153: Starting Robot tello ...
2019/05/06 06:21:57 connection.go:44: Starting connections...
2019/05/06 06:21:57 device.go:57: Starting devices...
2019/05/06 06:21:57 device.go:65: Starting device Tello-4349520F1788A82E...
2019/05/06 06:21:57 robot.go:168: Starting work...
2019/05/06 06:23:30 main.go:14: test
2019/05/06 06:23:30 robot.go:126: Initializing connections...
2019/05/06 06:23:30 robot.go:132: Initializing devices...
2019/05/06 06:23:30 robot.go:135: Initializing device Tello-4402599524A04894 ...
2019/05/06 06:23:30 robot.go:143: Robot tello initialized.
2019/05/06 06:23:30 robot.go:153: Starting Robot tello ...
2019/05/06 06:23:30 connection.go:44: Starting connections...
2019/05/06 06:23:30 device.go:57: Starting devices...
2019/05/06 06:23:30 device.go:65: Starting device Tello-4402599524A04894...
2019/05/06 06:23:30 robot.go:168: Starting work...
2019/05/09 17:03:26 webserver.go:78: action=apiCommandHandler command=ceaseRoatation
2019/05/09 17:05:06 webserver.go:78: action=apiCommandHandler command=takeOff
2019/05/09 17:05:07 webserver.go:78: action=apiCommandHandler command=land
2019/05/09 17:05:08 webserver.go:78: action=apiCommandHandler command=hover
2019/05/09 17:10:39 webserver.go:78: action=apiCommandHandler command=ceaseRoatation
